Mono path[0] = 'I:/Games/Rimworld_1.6.4566a/RimWorldWin64_Data/Managed'
Mono config path = 'I:/Games/Rimworld_1.6.4566a/MonoBleedingEdge/etc'
[PhysX] Initialized MultithreadedTaskDispatcher with 24 workers.
Initialize engine version: 2022.3.35f1 (011206c7a712)
[Subsystems] Discovering subsystems at path I:/Games/Rimworld_1.6.4566a/RimWorldWin64_Data/UnitySubsystems
GfxDevice: creating device client; threaded=1; jobified=0
Direct3D:
    Version:  Direct3D 11.0 [level 11.1]
    Renderer: AMD Radeon RX 7900 XT (ID=0x744c)
    Vendor:   ATI
    VRAM:     20417 MB
    Driver:   31.0.24033.1003
Begin MonoManager ReloadAssembly
- Loaded All Assemblies, in  0.111 seconds
- Finished resetting the current domain, in  0.001 seconds
D3D11 device created for Microsoft Media Foundation video decoding.
<RI> Initializing input.
<RI> Input initialized.
<RI> Initialized touch support.
[PhysX] Initialized MultithreadedTaskDispatcher with 24 workers.
UnloadTime: 0.647700 ms
RimWorld 1.6.4566 rev607
Fallback handler could not load library I:/Games/Rimworld_1.6.4566a/RimWorldWin64_Data/MonoBleedingEdge/data-0000013D4AF93A40.dll
Fallback handler could not load library I:/Games/Rimworld_1.6.4566a/RimWorldWin64_Data/MonoBleedingEdge/data-0000013D4BD06100.dll
[HugsLib] version 12.0.0
[HugsLib] early-initializing AllowTool
[RimHUD v1.17.5] Initialized
[Interaction Bubbles v4.2] Initialized
Fallback handler could not load library I:/Games/Rimworld_1.6.4566a/RimWorldWin64_Data/MonoBleedingEdge/data-0000013D4D1DBAB0.dll
DubsMintMenus v1.3.1086
Translation data for language Russian / Русский has 36 errors. Generate translation report for more info.
[TradeHelper] Loaded.
QualityBuilder: JobDefOf.Deconstruct driverClass = JobDriver_Deconstruct
[MarkThatPawn]: Found 20 icons for GDI
[MarkThatPawn]: Found 8 icons for Ideology
[MarkThatPawn]: Found 19 icons for Jobs
[MarkThatPawn]: Found 8 icons for Militar
[MarkThatPawn]: Found 20 icons for Nod
[MarkThatPawn]: Found 8 icons for Numbers
[MarkThatPawn]: Found 17 icons for Skills
[MarkThatPawn]: Found 16 icons for Symbols
[MarkThatPawn]: Found 13 icons for Weapons
[MarkThatPawn]: Found 8 icons for WOW Style
[MarkThatPawn]: Found 18 icons for XCOM
[MarkThatPawn]: Found 13 icons for XCOM 2
[MarkThatPawn]: Found 9 icons for XCOM Medieval
[MarkThatPawn]: Found 94 loaded weapons, 6 explosive weapons and 10 thrown projectiles
[MarkThatPawn]: Found 112 loaded apparel, 32 armored apparel, 11 royal apparel, 11 psycast apparel, 5 enviromental protection apparel, 6 mechanator apparel and 62 basic apparel 
[MarkThatPawn]: Found 0 automatic rules defined
[ImTryingToSaveYou] Patched JobDriver_ForceTargetWear.Notify_MemberStripped
[ImTryingToSaveYou] Patched JobDriver_ForceTargetWear.TryUnequipSomething
Fallback handler could not load library I:/Games/Rimworld_1.6.4566a/RimWorldWin64_Data/MonoBleedingEdge/data-0000013D8FCCC060.dll
[CreepJoinersRomancePatch]: Pawn_RelationsTracker.CompatibilityWith Patched
[CreepJoinersRomancePatch]: Pawn_RelationsTracker.SecondaryLovinChanceFactor Patched
Unloading 5 Unused Serialized files (Serialized files now loaded: 7)
[Uuugggg.rimworld.Replace_Stuff.main] Patches on methods annotated as Obsolete were detected by HugsLib: Verse.AI.TouchPathEndModeUtility.IsCornerTouchAllowed
OnLevelWasLoaded was found on ModInitializerComponent
This message has been deprecated and will be removed in a later version of Unity.
Add a delegate to SceneManager.sceneLoaded instead to get notifications after scene loading has completed
Unloading 99 unused Assets to reduce memory usage. Loaded Objects now: 29700.
Total: 231.487200 ms (FindLiveObjects: 1.769100 ms CreateObjectMapping: 0.888900 ms MarkObjects: 228.361700 ms  DeleteObjects: 0.467200 ms)

CameraPlus: Found mod at I:\Games\Rimworld_1.6.4566a\Mods\CameraPlus
[RimHUD v1.17.5] User preset 'PRESET' loaded
[ShowMeYourHands]: Defined hand definitions of 69 weapons
Unloading 3 Unused Serialized files (Serialized files now loaded: 8)
[PhysX] Initialized MultithreadedTaskDispatcher with 24 workers.
UnloadTime: 0.906300 ms
Unloading 2 unused Assets to reduce memory usage. Loaded Objects now: 29924.
Total: 201.862300 ms (FindLiveObjects: 1.503500 ms CreateObjectMapping: 0.776000 ms MarkObjects: 199.507200 ms  DeleteObjects: 0.075500 ms)

Loading game from file Адептус Механикус3333 with mods:
  - brrainz.harmony
  - Ludeon.RimWorld
  - Ludeon.RimWorld.Royalty
  - Ludeon.RimWorld.Ideology
  - Ludeon.RimWorld.Biotech
  - Ludeon.RimWorld.Anomaly
  - Ludeon.RimWorld.Odyssey
  - DerekBickley.LTOColonyGroupsFinal
  - LZWS.DerekBickley.LTOColonyGroupsFinal
  - UnlimitedHugs.HugsLib
  - com.yayo.yayoAni.continued
  - Sl4vP0weR.WeAreUnited
  - TimmyLiang.TradeHelper
  - Mlie.ShowMeYourHands
  - BP.ShowBuildableMaterialCount
  - MemeGoddess.SearchAndDestroy
  - Jaxe.RimHUD
  - kamikadza13.RimHUD
  - Memegoddess.ReplaceStuff
  - longwater.smartstockpilecreation
  - hatti.qualitybuilder
  - telardo.NumbersTraitAddOn
  - DawnsGlow.Numbers
  - Andromeda.NiceHealthTab
  - Andromeda.NiceHands
  - Mlie.MarkThatPawn
  - Supes.MapWideOrbitalTradeBeacon
  - Jaxe.Bubbles
  - S4.ImTryingToSaveYou
  - Orion.Hospitality
  - IwoRosiak.Holsters
  - Inglix.FasterBiosculptingPod
  - Mlie.DurableClothes
  - dubwise.dubsmintminimap
  - Ganja.DropInventory
  - telardo.DragSelect
  - avilmask.CommonSense
  - brrainz.cameraplus
  - Inglix.ApparelTaintedOnCorpseRot
  - UnlimitedHugs.AllowTool
  - brrainz.achtung
  - FrozenSnowFox.FilthVanishesWithRainAndTime
  - SClarke.GroundTargeter1.6temp
  - Dubwise.DubsMintMenus
  - KipsMods.AdjustableAbilityCooldowns
  - erdelf.MinifyEverything
  - microus.creepjoinersromance
  - Shipdontnuketile.Sentinel
QualityBuilder added property to '128' things
Exception registering RimWorld.Precept_GravshipLaunch RimWorld.Precept_GravshipLaunch in loaded object directory with unique load ID Precept_1024: System.ArgumentException: An item with the same key has already been added. Key: Precept_1024
[Ref CC152DD4]
 [0x00006] in <51fded79cd284d4d911c5949aff4cb21>:0 
  at System.Collections.Generic.Dictionary`2[TKey,TValue].TryInsert (TKey key, TValue value, System.Collections.Generic.InsertionBehavior behavior) [0x0015a] in <51fded79cd284d4d911c5949aff4cb21>:0 
  at System.Collections.Generic.Dictionary`2[TKey,TValue].Add (TKey key, TValue value) [0x00000] in <51fded79cd284d4d911c5949aff4cb21>:0 
  at Verse.LoadedObjectDirectory.RegisterLoaded (Verse.ILoadReferenceable reffable) [0x000da] in <24d25868955f4df08b02c73b55f389fe>:0 
Exception registering TacticalGroups.PawnGroup  - 0 in loaded object directory with unique load ID TacticalGroups.PawnGroup6: System.ArgumentException: An item with the same key has already been added. Key: TacticalGroups.PawnGroup6
[Ref CC152DD4] Duplicate stacktrace, see ref for original
Could not do PostLoadInit on RimWorld.Pawn_WorkSettings: System.ArgumentOutOfRangeException: Index was out of range. Must be non-negative and less than the size of the collection.
Parameter name: index
[Ref 83F8838F]
 [0x0000c] in <51fded79cd284d4d911c5949aff4cb21>:0 
  at System.Collections.Generic.List`1[T].set_Item (System.Int32 index, T value) [0x00009] in <51fded79cd284d4d911c5949aff4cb21>:0 
  at Verse.DefMap`2[D,V].set_Item (D def, V value) [0x00000] in <24d25868955f4df08b02c73b55f389fe>:0 
  at RimWorld.Pawn_WorkSettings.SetPriority (Verse.WorkTypeDef w, System.Int32 priority) [0x00069] in <24d25868955f4df08b02c73b55f389fe>:0 
  at RimWorld.Pawn_WorkSettings.Disable (Verse.WorkTypeDef w) [0x00006] in <24d25868955f4df08b02c73b55f389fe>:0 
  at RimWorld.Pawn_WorkSettings.Notify_DisabledWorkTypesChanged () [0x00022] in <24d25868955f4df08b02c73b55f389fe>:0 
  at Verse.Pawn.Notify_DisabledWorkTypesChanged () [0x0001f] in <24d25868955f4df08b02c73b55f389fe>:0 
  at RimWorld.Pawn_WorkSettings.ExposeData () [0x00025] in <24d25868955f4df08b02c73b55f389fe>:0 
  at Verse.PostLoadIniter.DoAllPostLoadInits () [0x00032] in <24d25868955f4df08b02c73b55f389fe>:0 
Could not do PostLoadInit on RimWorld.Pawn_WorkSettings: System.ArgumentOutOfRangeException: Index was out of range. Must be non-negative and less than the size of the collection.
Parameter name: index
[Ref 83F8838F] Duplicate stacktrace, see ref for original
Could not do PostLoadInit on RimWorld.Pawn_WorkSettings: System.ArgumentOutOfRangeException: Index was out of range. Must be non-negative and less than the size of the collection.
Parameter name: index
[Ref 83F8838F] Duplicate stacktrace, see ref for original
Could not do PostLoadInit on RimWorld.Pawn_WorkSettings: System.ArgumentOutOfRangeException: Index was out of range. Must be non-negative and less than the size of the collection.
Parameter name: index
[Ref 83F8838F] Duplicate stacktrace, see ref for original
Could not do PostLoadInit on RimWorld.Pawn_WorkSettings: System.ArgumentOutOfRangeException: Index was out of range. Must be non-negative and less than the size of the collection.
Parameter name: index
[Ref 83F8838F] Duplicate stacktrace, see ref for original
Could not do PostLoadInit on RimWorld.Pawn_WorkSettings: System.ArgumentOutOfRangeException: Index was out of range. Must be non-negative and less than the size of the collection.
Parameter name: index
[Ref 83F8838F] Duplicate stacktrace, see ref for original
Could not do PostLoadInit on RimWorld.Pawn_WorkSettings: System.ArgumentOutOfRangeException: Index was out of range. Must be non-negative and less than the size of the collection.
Parameter name: index
[Ref 83F8838F] Duplicate stacktrace, see ref for original
Could not do PostLoadInit on RimWorld.Pawn_WorkSettings: System.ArgumentOutOfRangeException: Index was out of range. Must be non-negative and less than the size of the collection.
Parameter name: index
[Ref 83F8838F] Duplicate stacktrace, see ref for original
Could not do PostLoadInit on RimWorld.Pawn_WorkSettings: System.ArgumentOutOfRangeException: Index was out of range. Must be non-negative and less than the size of the collection.
Parameter name: index
[Ref 83F8838F] Duplicate stacktrace, see ref for original
Could not do PostLoadInit on RimWorld.Pawn_WorkSettings: System.ArgumentOutOfRangeException: Index was out of range. Must be non-negative and less than the size of the collection.
Parameter name: index
[Ref 83F8838F] Duplicate stacktrace, see ref for original
JobDriver threw exception in toil MakeNewToils's initAction for pawn Darcey driver=JobDriver_Wait (toilIndex=0) driver.job=(Wait (Job_58959317))
System.NullReferenceException: Object reference not set to an instance of an object
[Ref B29DD0C4]
  at AllowTool.PartyHuntHandler.get_WorldSettings () [0x0000b] in <8a098910d6a84b188090b9d6c096e9ee>:0 
  at AllowTool.PartyHuntHandler.DoBehaviorForPawn (Verse.AI.JobDriver_Wait driver) [0x0001e] in <8a098910d6a84b188090b9d6c096e9ee>:0 
  at AllowTool.Patches.JobDriverWait_CheckForAutoAttack_Patch.DoPartyHunting (Verse.AI.JobDriver_Wait __instance) [0x00001] in <8a098910d6a84b188090b9d6c096e9ee>:0 
  at Verse.AI.JobDriver_Wait.CheckForAutoAttack () [0x003a9] in <24d25868955f4df08b02c73b55f389fe>:0 
    - POSTFIX UnlimitedHugs.AllowTool: Void AllowTool.Patches.JobDriverWait_CheckForAutoAttack_Patch:DoPartyHunting(JobDriver_Wait __instance)
  at Verse.AI.JobDriver_Wait.<MakeNewToils>b__3_0 () [0x0003d] in <24d25868955f4df08b02c73b55f389fe>:0 
  at Verse.AI.JobDriver.TryActuallyStartNextToil () [0x001b0] in <24d25868955f4df08b02c73b55f389fe>:0 
JobDriver threw exception in toil MakeNewToils's initAction for pawn Darcey driver=JobDriver_Wait (toilIndex=0) driver.job=(Wait (Job_58959318))
System.NullReferenceException: Object reference not set to an instance of an object
[Ref B29DD0C4] Duplicate stacktrace, see ref for original
An error occurred while starting an error recover job. We have to stop now to avoid infinite loops. This means that the pawn is now jobless which can cause further bugs. pawn=Darcey
[Yayo's Animation] GC : animation data count [0 -> 0]
QualityBuilder added to приказы category.
Unloading 1 Unused Serialized files (Serialized files now loaded: 8)
Unloading 12 unused Assets to reduce memory usage. Loaded Objects now: 40023.
Total: 354.700400 ms (FindLiveObjects: 2.657200 ms CreateObjectMapping: 1.255200 ms MarkObjects: 350.645400 ms  DeleteObjects: 0.142500 ms)

Memory Statistics:
[ALLOC_TEMP_TLS] TLS Allocator
  StackAllocators : 
    [ALLOC_TEMP_MAIN]
      Peak usage frame count: [0-1.0 KB]: 4191 frames, [1.0 KB-2.0 KB]: 4 frames, [2.0 KB-4.0 KB]: 424 frames, [4.0 KB-8.0 KB]: 9 frames, [8.0 KB-16.0 KB]: 2 frames, [32.0 KB-64.0 KB]: 2 frames, [128.0 KB-256.0 KB]: 1 frames, [2.0 MB-4.0 MB]: 1 frames, [4.0 MB-8.0 MB]: 3 frames
      Initial Block Size 4.0 MB
      Current Block Size 6.2 MB
      Peak Allocated Bytes 6.2 MB
      Overflow Count 1
    [ALLOC_TEMP_Job.Worker 18]
      Initial Block Size 256.0 KB
      Current Block Size 256.0 KB
      Peak Allocated Bytes 128 B
      Overflow Count 0
    [ALLOC_TEMP_Loading.PreloadManager]
      Initial Block Size 256.0 KB
      Current Block Size 256.0 KB
      Peak Allocated Bytes 3.7 KB
      Overflow Count 8
    [ALLOC_TEMP_Background Job.Worker 8]
      Initial Block Size 32.0 KB
      Current Block Size 32.0 KB
      Peak Allocated Bytes 54 B
      Overflow Count 0
    [ALLOC_TEMP_Background Job.Worker 10]
      Initial Block Size 32.0 KB
      Current Block Size 32.0 KB
      Peak Allocated Bytes 54 B
      Overflow Count 0
    [ALLOC_TEMP_Job.Worker 16]
      Initial Block Size 256.0 KB
      Current Block Size 256.0 KB
      Peak Allocated Bytes 128 B
      Overflow Count 0
    [ALLOC_TEMP_Background Job.Worker 6]
      Initial Block Size 32.0 KB
      Current Block Size 32.0 KB
      Peak Allocated Bytes 54 B
      Overflow Count 0
    [ALLOC_TEMP_Job.Worker 4]
      Initial Block Size 256.0 KB
      Current Block Size 256.0 KB
      Peak Allocated Bytes 176 B
      Overflow Count 0
    [ALLOC_TEMP_Job.Worker 17]
      Initial Block Size 256.0 KB
      Current Block Size 256.0 KB
      Peak Allocated Bytes 128 B
      Overflow Count 0
    [ALLOC_TEMP_Job.Worker 14]
      Initial Block Size 256.0 KB
      Current Block Size 256.0 KB
      Peak Allocated Bytes 144 B
      Overflow Count 0
    [ALLOC_TEMP_Job.Worker 3]
      Initial Block Size 256.0 KB
      Current Block Size 256.0 KB
      Peak Allocated Bytes 128 B
      Overflow Count 0
    [ALLOC_TEMP_Background Job.Worker 12]
      Initial Block Size 32.0 KB
      Current Block Size 32.0 KB
      Peak Allocated Bytes 54 B
      Overflow Count 0
    [ALLOC_TEMP_Background Job.Worker 1]
      Initial Block Size 32.0 KB
      Current Block Size 32.0 KB
      Peak Allocated Bytes 54 B
      Overflow Count 0
    [ALLOC_TEMP_AssetGarbageCollectorHelper] x 23
      Initial Block Size 64.0 KB
      Current Block Size 64.0 KB
      Peak Allocated Bytes 138 B
      Overflow Count 0
    [ALLOC_TEMP_Background Job.Worker 5]
      Initial Block Size 32.0 KB
      Current Block Size 32.0 KB
      Peak Allocated Bytes 54 B
      Overflow Count 0
    [ALLOC_TEMP_Background Job.Worker 13]
      Initial Block Size 32.0 KB
      Current Block Size 32.0 KB
      Peak Allocated Bytes 54 B
      Overflow Count 0
    [ALLOC_TEMP_Background Job.Worker 11]
      Initial Block Size 32.0 KB
      Current Block Size 32.0 KB
      Peak Allocated Bytes 54 B
      Overflow Count 0
    [ALLOC_TEMP_Job.Worker 2]
      Initial Block Size 256.0 KB
      Current Block Size 256.0 KB
      Peak Allocated Bytes 480 B
      Overflow Count 0
    [ALLOC_TEMP_Background Job.Worker 3]
      Initial Block Size 32.0 KB
      Current Block Size 32.0 KB
      Peak Allocated Bytes 54 B
      Overflow Count 0
    [ALLOC_TEMP_Background Job.Worker 0]
      Initial Block Size 32.0 KB
      Current Block Size 32.0 KB
      Peak Allocated Bytes 54 B
      Overflow Count 0
    [ALLOC_TEMP_Job.Worker 20]
      Initial Block Size 256.0 KB
      Current Block Size 256.0 KB
      Peak Allocated Bytes 128 B
      Overflow Count 0
    [ALLOC_TEMP_Job.Worker 11]
      Initial Block Size 256.0 KB
      Current Block Size 256.0 KB
      Peak Allocated Bytes 144 B
      Overflow Count 0
    [ALLOC_TEMP_Background Job.Worker 4]
      Initial Block Size 32.0 KB
      Current Block Size 32.0 KB
      Peak Allocated Bytes 54 B
      Overflow Count 0
    [ALLOC_TEMP_BatchDeleteObjects]
      Initial Block Size 64.0 KB
      Current Block Size 64.0 KB
      Peak Allocated Bytes 54 B
      Overflow Count 0
    [ALLOC_TEMP_Job.Worker 6]
      Initial Block Size 256.0 KB
      Current Block Size 256.0 KB
      Peak Allocated Bytes 160 B
      Overflow Count 0
    [ALLOC_TEMP_Job.Worker 0]
      Initial Block Size 256.0 KB
      Current Block Size 256.0 KB
      Peak Allocated Bytes 144 B
      Overflow Count 0
    [ALLOC_TEMP_Job.Worker 21]
      Initial Block Size 256.0 KB
      Current Block Size 256.0 KB
      Peak Allocated Bytes 144 B
      Overflow Count 0
    [ALLOC_TEMP_Job.Worker 5]
      Initial Block Size 256.0 KB
      Current Block Size 256.0 KB
      Peak Allocated Bytes 176 B
      Overflow Count 0
    [ALLOC_TEMP_Background Job.Worker 9]
      Initial Block Size 32.0 KB
      Current Block Size 32.0 KB
      Peak Allocated Bytes 54 B
      Overflow Count 0
    [ALLOC_TEMP_Background Job.Worker 14]
      Initial Block Size 32.0 KB
      Current Block Size 32.0 KB
      Peak Allocated Bytes 54 B
      Overflow Count 0
    [ALLOC_TEMP_ReadCacheIndex]
      Initial Block Size 64.0 KB
      Current Block Size 64.0 KB
      Peak Allocated Bytes 0.6 KB
      Overflow Count 0
    [ALLOC_TEMP_Job.Worker 13]
      Initial Block Size 256.0 KB
      Current Block Size 256.0 KB
      Peak Allocated Bytes 128 B
      Overflow Count 0
    [ALLOC_TEMP_EnlightenWorker] x 12
      Initial Block Size 64.0 KB
      Current Block Size 64.0 KB
      Peak Allocated Bytes 54 B
      Overflow Count 0
    [ALLOC_TEMP_Background Job.Worker 15]
      Initial Block Size 32.0 KB
      Current Block Size 32.0 KB
      Peak Allocated Bytes 54 B
      Overflow Count 0
    [ALLOC_TEMP_Background Job.Worker 2]
      Initial Block Size 32.0 KB
      Current Block Size 32.0 KB
      Peak Allocated Bytes 54 B
      Overflow Count 0
    [ALLOC_TEMP_Background Job.Worker 7]
      Initial Block Size 32.0 KB
      Current Block Size 32.0 KB
      Peak Allocated Bytes 54 B
      Overflow Count 0
    [ALLOC_TEMP_Job.Worker 22]
      Initial Block Size 256.0 KB
      Current Block Size 256.0 KB
      Peak Allocated Bytes 128 B
      Overflow Count 0
    [ALLOC_TEMP_UnityGfxDeviceWorker]
      Initial Block Size 256.0 KB
      Current Block Size 256.0 KB
      Peak Allocated Bytes 10.3 KB
      Overflow Count 0
    [ALLOC_TEMP_Job.Worker 9]
      Initial Block Size 256.0 KB
      Current Block Size 256.0 KB
      Peak Allocated Bytes 144 B
      Overflow Count 0
    [ALLOC_TEMP_Job.Worker 8]
      Initial Block Size 256.0 KB
      Current Block Size 256.0 KB
      Peak Allocated Bytes 144 B
      Overflow Count 0
    [ALLOC_TEMP_Job.Worker 7]
      Initial Block Size 256.0 KB
      Current Block Size 256.0 KB
      Peak Allocated Bytes 144 B
      Overflow Count 0
    [ALLOC_TEMP_Job.Worker 1]
      Initial Block Size 256.0 KB
      Current Block Size 256.0 KB
      Peak Allocated Bytes 507 B
      Overflow Count 0
    [ALLOC_TEMP_Job.Worker 10]
      Initial Block Size 256.0 KB
      Current Block Size 256.0 KB
      Peak Allocated Bytes 128 B
      Overflow Count 0
    [ALLOC_TEMP_Job.Worker 15]
      Initial Block Size 256.0 KB
      Current Block Size 256.0 KB
      Peak Allocated Bytes 128 B
      Overflow Count 0
    [ALLOC_TEMP_Job.Worker 12]
      Initial Block Size 256.0 KB
      Current Block Size 256.0 KB
      Peak Allocated Bytes 128 B
      Overflow Count 0
    [ALLOC_TEMP_Job.Worker 19]
      Initial Block Size 256.0 KB
      Current Block Size 256.0 KB
      Peak Allocated Bytes 128 B
      Overflow Count 0
    [ALLOC_TEMP_Loading.AsyncRead]
      Initial Block Size 64.0 KB
      Current Block Size 120.0 KB
      Peak Allocated Bytes 117.3 KB
      Overflow Count 0
[ALLOC_DEFAULT] Dual Thread Allocator
  Peak main deferred allocation count 15879
    [ALLOC_BUCKET]
      Large Block size 4.0 MB
      Used Block count 1
      Peak Allocated bytes 4.0 MB
      Failed Allocations. Bucket layout:
        16B: 4 Subsections = 4096 buckets. Failed count: 41283
        32B: 34 Subsections = 17408 buckets. Failed count: 54864
        48B: 49 Subsections = 16725 buckets. Failed count: 141734
        64B: 40 Subsections = 10240 buckets. Failed count: 58949
        80B: 85 Subsections = 17408 buckets. Failed count: 42929
        96B: 28 Subsections = 4778 buckets. Failed count: 47291
        112B: 10 Subsections = 1462 buckets. Failed count: 15547
        128B: 6 Subsections = 768 buckets. Failed count: 10478
    [ALLOC_DEFAULT_MAIN]
      Peak usage frame count: [16.0 MB-32.0 MB]: 2208 frames, [32.0 MB-64.0 MB]: 1 frames, [128.0 MB-256.0 MB]: 2428 frames
      Requested Block Size 16.0 MB
      Peak Block count 16
      Peak Allocated memory 247.2 MB
      Peak Large allocation bytes 19.3 MB
    [ALLOC_DEFAULT_THREAD]
      Peak usage frame count: [8.0 MB-16.0 MB]: 3150 frames, [32.0 MB-64.0 MB]: 62 frames, [64.0 MB-128.0 MB]: 998 frames, [128.0 MB-256.0 MB]: 427 frames
      Requested Block Size 16.0 MB
      Peak Block count 7
      Peak Allocated memory 142.8 MB
      Peak Large allocation bytes 33.8 MB
[ALLOC_TEMP_JOB_1_FRAME]
  Initial Block Size 2.0 MB
  Used Block Count 0
  Overflow Count (too large) 0
  Overflow Count (full) 0
[ALLOC_TEMP_JOB_2_FRAMES]
  Initial Block Size 2.0 MB
  Used Block Count 0
  Overflow Count (too large) 0
  Overflow Count (full) 0
[ALLOC_TEMP_JOB_4_FRAMES (JobTemp)]
  Initial Block Size 2.0 MB
  Used Block Count 1
  Overflow Count (too large) 0
  Overflow Count (full) 0
[ALLOC_TEMP_JOB_ASYNC (Background)]
  Initial Block Size 1.0 MB
  Used Block Count 1
  Overflow Count (too large) 0
  Overflow Count (full) 0
[ALLOC_GFX] Dual Thread Allocator
  Peak main deferred allocation count 22
    [ALLOC_BUCKET]
      Large Block size 4.0 MB
      Used Block count 1
      Peak Allocated bytes 4.0 MB
      Failed Allocations. Bucket layout:
        16B: 4 Subsections = 4096 buckets. Failed count: 41283
        32B: 34 Subsections = 17408 buckets. Failed count: 54864
        48B: 49 Subsections = 16725 buckets. Failed count: 141734
        64B: 40 Subsections = 10240 buckets. Failed count: 58949
        80B: 85 Subsections = 17408 buckets. Failed count: 42929
        96B: 28 Subsections = 4778 buckets. Failed count: 47291
        112B: 10 Subsections = 1462 buckets. Failed count: 15547
        128B: 6 Subsections = 768 buckets. Failed count: 10478
    [ALLOC_GFX_MAIN]
      Peak usage frame count: [64.0 KB-128.0 KB]: 1 frames, [2.0 MB-4.0 MB]: 2208 frames, [0.50 GB-1.00 GB]: 2428 frames
      Requested Block Size 16.0 MB
      Peak Block count 4
      Peak Allocated memory 0.84 GB
      Peak Large allocation bytes 0.82 GB
    [ALLOC_GFX_THREAD]
      Peak usage frame count: [0-1.0 KB]: 2227 frames, [1.0 KB-2.0 KB]: 128 frames, [2.0 KB-4.0 KB]: 287 frames, [4.0 KB-8.0 KB]: 1570 frames, [32.0 KB-64.0 KB]: 425 frames
      Requested Block Size 16.0 MB
      Peak Block count 1
      Peak Allocated memory 39.6 KB
      Peak Large allocation bytes 0 B
[ALLOC_CACHEOBJECTS] Dual Thread Allocator
  Peak main deferred allocation count 106
    [ALLOC_BUCKET]
      Large Block size 4.0 MB
      Used Block count 1
      Peak Allocated bytes 4.0 MB
      Failed Allocations. Bucket layout:
        16B: 4 Subsections = 4096 buckets. Failed count: 41283
        32B: 34 Subsections = 17408 buckets. Failed count: 54864
        48B: 49 Subsections = 16725 buckets. Failed count: 141734
        64B: 40 Subsections = 10240 buckets. Failed count: 58949
        80B: 85 Subsections = 17408 buckets. Failed count: 42929
        96B: 28 Subsections = 4778 buckets. Failed count: 47291
        112B: 10 Subsections = 1462 buckets. Failed count: 15547
        128B: 6 Subsections = 768 buckets. Failed count: 10478
    [ALLOC_CACHEOBJECTS_MAIN]
      Peak usage frame count: [4.0 MB-8.0 MB]: 1 frames, [8.0 MB-16.0 MB]: 2208 frames, [16.0 MB-32.0 MB]: 2428 frames
      Requested Block Size 4.0 MB
      Peak Block count 6
      Peak Allocated memory 19.2 MB
      Peak Large allocation bytes 0 B
    [ALLOC_CACHEOBJECTS_THREAD]
      Peak usage frame count: [4.0 KB-8.0 KB]: 2208 frames, [32.0 KB-64.0 KB]: 1 frames, [64.0 KB-128.0 KB]: 2424 frames, [128.0 KB-256.0 KB]: 2 frames, [256.0 KB-0.5 MB]: 1 frames, [0.5 MB-1.0 MB]: 1 frames
      Requested Block Size 4.0 MB
      Peak Block count 1
      Peak Allocated memory 0.6 MB
      Peak Large allocation bytes 0 B
[ALLOC_TYPETREE] Dual Thread Allocator
  Peak main deferred allocation count 0
    [ALLOC_BUCKET]
      Large Block size 4.0 MB
      Used Block count 1
      Peak Allocated bytes 4.0 MB
      Failed Allocations. Bucket layout:
        16B: 4 Subsections = 4096 buckets. Failed count: 41283
        32B: 34 Subsections = 17408 buckets. Failed count: 54864
        48B: 49 Subsections = 16725 buckets. Failed count: 141734
        64B: 40 Subsections = 10240 buckets. Failed count: 58949
        80B: 85 Subsections = 17408 buckets. Failed count: 42929
        96B: 28 Subsections = 4778 buckets. Failed count: 47291
        112B: 10 Subsections = 1462 buckets. Failed count: 15547
        128B: 6 Subsections = 768 buckets. Failed count: 10478
    [ALLOC_TYPETREE_MAIN]
      Peak usage frame count: [4.0 KB-8.0 KB]: 1 frames, [8.0 KB-16.0 KB]: 2208 frames, [256.0 KB-0.5 MB]: 2428 frames
      Requested Block Size 2.0 MB
      Peak Block count 1
      Peak Allocated memory 359.8 KB
      Peak Large allocation bytes 0 B
    [ALLOC_TYPETREE_THREAD]
      Peak usage frame count: [0-1.0 KB]: 4637 frames
      Requested Block Size 2.0 MB
      Peak Block count 0
      Peak Allocated memory 0 B
      Peak Large allocation bytes 0 B
